<?xml version="1.0" encoding="UTF-8"?>
<testsuite xmlns:xsi="http://www.w3.org/2001/XMLSchema-instance" xsi:noNamespaceSchemaLocation="https://maven.apache.org/surefire/maven-surefire-plugin/xsd/surefire-test-report-3.0.xsd" version="3.0" name="com.xx.mavenazure.AppTest" time="0.03" tests="1" errors="0" skipped="0" failures="0">
  <properties>
    <property name="java.specification.version" value="21"/>
    <property name="sun.cpu.isalist" value="amd64"/>
    <property name="sun.jnu.encoding" value="Cp1252"/>
    <property name="java.class.path" value="C:\c\eclipse-dsl-2024-12-R-win32-x86_64\eclipse-workspace\mavenazure\target\test-classes;C:\c\eclipse-dsl-2024-12-R-win32-x86_64\eclipse-workspace\mavenazure\target\classes;C:\Users\usham\.m2\repository\junit\junit\3.8.1\junit-3.8.1.jar;"/>
    <property name="java.vm.vendor" value="Eclipse Adoptium"/>
    <property name="sun.arch.data.model" value="64"/>
    <property name="user.variant" value=""/>
    <property name="java.vendor.url" value="https://adoptium.net/"/>
    <property name="user.timezone" value="Asia/Calcutta"/>
    <property name="os.name" value="Windows 11"/>
    <property name="java.vm.specification.version" value="21"/>
    <property name="sun.java.launcher" value="SUN_STANDARD"/>
    <property name="user.country" value="IN"/>
    <property name="sun.boot.library.path" value="C:\c\eclipse-dsl-2024-12-R-win32-x86_64\eclipse\plugins\org.eclipse.justj.openjdk.hotspot.jre.full.win32.x86_64_21.0.6.v20250130-0529\jre\bin"/>
    <property name="sun.java.command" value="C:\Users\usham\AppData\Local\Temp\surefire17298801532318150705\surefirebooter-20250607105608214_3.jar C:\Users\usham\AppData\Local\Temp\surefire17298801532318150705 2025-06-07T10-56-07_915-jvmRun1 surefire-20250607105608214_1tmp surefire_0-20250607105608214_2tmp"/>
    <property name="jdk.debug" value="release"/>
    <property name="surefire.test.class.path" value="C:\c\eclipse-dsl-2024-12-R-win32-x86_64\eclipse-workspace\mavenazure\target\test-classes;C:\c\eclipse-dsl-2024-12-R-win32-x86_64\eclipse-workspace\mavenazure\target\classes;C:\Users\usham\.m2\repository\junit\junit\3.8.1\junit-3.8.1.jar;"/>
    <property name="sun.cpu.endian" value="little"/>
    <property name="user.home" value="C:\Users\usham"/>
    <property name="user.language" value="en"/>
    <property name="java.specification.vendor" value="Oracle Corporation"/>
    <property name="java.version.date" value="2025-01-21"/>
    <property name="java.home" value="C:\c\eclipse-dsl-2024-12-R-win32-x86_64\eclipse\plugins\org.eclipse.justj.openjdk.hotspot.jre.full.win32.x86_64_21.0.6.v20250130-0529\jre"/>
    <property name="file.separator" value="\"/>
    <property name="basedir" value="C:\c\eclipse-dsl-2024-12-R-win32-x86_64\eclipse-workspace\mavenazure"/>
    <property name="style.color" value="always"/>
    <property name="java.vm.compressedOopsMode" value="32-bit"/>
    <property name="line.separator" value="&#10;"/>
    <property name="java.vm.specification.vendor" value="Oracle Corporation"/>
    <property name="java.specification.name" value="Java Platform API Specification"/>
    <property name="surefire.real.class.path" value="C:\Users\usham\AppData\Local\Temp\surefire17298801532318150705\surefirebooter-20250607105608214_3.jar"/>
    <property name="user.script" value=""/>
    <property name="sun.management.compiler" value="HotSpot 64-Bit Tiered Compilers"/>
    <property name="java.runtime.version" value="21.0.6+7-LTS"/>
    <property name="user.name" value="usham"/>
    <property name="stdout.encoding" value="Cp1252"/>
    <property name="path.separator" value=";"/>
    <property name="os.version" value="10.0"/>
    <property name="java.runtime.name" value="OpenJDK Runtime Environment"/>
    <property name="file.encoding" value="UTF-8"/>
    <property name="java.vm.name" value="OpenJDK 64-Bit Server VM"/>
    <property name="java.vendor.version" value="Temurin-21.0.6+7"/>
    <property name="localRepository" value="C:\Users\usham\.m2\repository"/>
    <property name="java.vendor.url.bug" value="https://github.com/adoptium/adoptium-support/issues"/>
    <property name="java.io.tmpdir" value="C:\Users\usham\AppData\Local\Temp\"/>
    <property name="java.version" value="21.0.6"/>
    <property name="user.dir" value="C:\c\eclipse-dsl-2024-12-R-win32-x86_64\eclipse-workspace\mavenazure"/>
    <property name="os.arch" value="amd64"/>
    <property name="java.vm.specification.name" value="Java Virtual Machine Specification"/>
    <property name="sun.os.patch.level" value=""/>
    <property name="native.encoding" value="Cp1252"/>
    <property name="java.library.path" value="C:\c\eclipse-dsl-2024-12-R-win32-x86_64\eclipse\plugins\org.eclipse.justj.openjdk.hotspot.jre.full.win32.x86_64_21.0.6.v20250130-0529\jre\bin;C:\WINDOWS\Sun\Java\bin;C:\WINDOWS\system32;C:\WINDOWS;C:/c/eclipse-dsl-2024-12-R-win32-x86_64/eclipse//plugins/org.eclipse.justj.openjdk.hotspot.jre.full.win32.x86_64_21.0.6.v20250130-0529/jre/bin/server;C:/c/eclipse-dsl-2024-12-R-win32-x86_64/eclipse//plugins/org.eclipse.justj.openjdk.hotspot.jre.full.win32.x86_64_21.0.6.v20250130-0529/jre/bin;C:\Program Files\Python312\Scripts\;C:\Program Files\Python312\;C:\windows\system32;C:\windows;C:\windows\System32\Wbem;C:\windows\System32\WindowsPowerShell\v1.0\;C:\windows\System32\OpenSSH\;C:\Program Files (x86)\NVIDIA Corporation\PhysX\Common;C:\Program Files\NVIDIA Corporation\NVIDIA NvDLISR;C:\MinGW\bin;C:\Program Files\Git\cmd;C:\Program Files\MySQL\MySQL Server 8.4\bin;C:\Program Files\MySQL\MySQL Server 8.0;C:\Users\usham\Downloads\php-8.3.14-nts-Win32-vs16-x64;C:\Program Files\Java\jdk-21\bin;C:\c\apache-maven-3.9.9-bin\apache-maven-3.9.9\bin;C:\c\apache-tomcat-9.0.100-windows-x64\apache-tomcat-9.0.100\bin;C:\c\gradle-8.13-bin\gradle-8.13\bin;C:\WINDOWS\system32;C:\WINDOWS;C:\WINDOWS\System32\Wbem;C:\WINDOWS\System32\WindowsPowerShell\v1.0\;C:\WINDOWS\System32\OpenSSH\;C:\Users\usham\node_modules\.bin;C:\Users\usham\AppData\Roaming\npm;C:\Program Files\nodejs\;C:\ProgramData\chocolatey\bin;C:\Program Files\Git\cmd\git.exe;C:\Program Files\MySQL\MySQL Shell 8.0\bin\;C:\Users\usham\anaconda0;C:\Users\usham\anaconda0\Library\mingw-w64\bin;C:\Users\usham\anaconda0\Library\usr\bin;C:\Users\usham\anaconda0\Library\bin;C:\Users\usham\anaconda0\Scripts;C:\Users\usham\.ipython;C:\Users\usham\.ipython\Library\mingw-w64\bin;C:\Users\usham\.ipython\Library\usr\bin;C:\Users\usham\.ipython\Library\bin;C:\Users\usham\.ipython\Scripts;C:\Users\usham\AppData\Local\Microsoft\WindowsApps;C:\Users\usham\AppData\Local\Programs\MiKTeX\miktex\bin\x64\;C:\Program Files\JetBrains\PyCharm 2024.2.3\help\PyCharm 2024.2.3\bin;;C:\Program Files\JetBrains\PyCharm Community Edition 2024.2.3\bin;;C:\Users\usham\AppData\Local\GitHubDesktop\bin;C:\Program Files\Java\jdk-21\bin;C:\c\apache-maven-3.9.9-bin\apache-maven-3.9.9\bin;C:\c\apache-tomcat-9.0.100-windows-x64\apache-tomcat-9.0.100\bin;C:\Users\usham\AppData\Local\Programs\Microsoft VS Code\bin;C:\Users\usham\AppData\Roaming\npm;;C:\c\eclipse-dsl-2024-12-R-win32-x86_64\eclipse;;."/>
    <property name="java.vm.info" value="mixed mode, sharing"/>
    <property name="stderr.encoding" value="Cp1252"/>
    <property name="java.vendor" value="Eclipse Adoptium"/>
    <property name="java.vm.version" value="21.0.6+7-LTS"/>
    <property name="sun.io.unicode.encoding" value="UnicodeLittle"/>
    <property name="java.class.version" value="65.0"/>
  </properties>
  <testcase name="testApp" classname="com.xx.mavenazure.AppTest" time="0.003"/>
</testsuite>